Построение начато 19.10.2012 16:57:29.
     1>Проект "F:\КГ\ЯковлеваЕО_Лаба1,Лаба2\Laba1\Source Code OpenGL\Console Glut\Console Glut.vcxproj" в узле 2 (целевые объекты build).
     1>InitializeBuildStatus:
         Создание "Debug\Laba 1 - 2D.unsuccessfulbuild", так как было задано "AlwaysCreate".
       ClCompile:
         Для всех выходных данных обновления не требуется.
         Для всех выходных данных обновления не требуется.
         C:\Program Files (x86)\Microsoft Visual Studio 10.0\VC\bin\CL.exe /c /I..\_Common /I..\glut /ZI /nologo /W3 /WX- /Od /Oy- /D WIN32 /D _DEBUG /D _CONSOLE /D _UNICODE /D UNICODE /Gm /EHsc /RTC1 /MT /GS /fp:precise /Zc:wchar_t /Zc:forScope /Fo"Debug\\" /Fd"Debug\vc100.pdb" /Gd /TP /analyze- /errorReport:prompt ..\_Common\engine.cpp
         engine.cpp
     1>f:\кг\яковлеваео_лаба1,лаба2\laba1\source code opengl\_common\engine.cpp(67): warning C4101: i: неиспользованная локальная переменная
       ManifestResourceCompile:
         Для всех выходных данных обновления не требуется.
       Link:
         C:\Program Files (x86)\Microsoft Visual Studio 10.0\VC\bin\link.exe /ERRORREPORT:PROMPT /OUT:"F:\КГ\ЯковлеваЕО_Лаба1,Лаба2\Laba1\Source Code OpenGL\Debug\Laba 1 - 2D.exe" /INCREMENTAL /NOLOGO /LIBPATH:..\glut kernel32.lib user32.lib gdi32.lib winspool.lib comdlg32.lib advapi32.lib shell32.lib ole32.lib oleaut32.lib uuid.lib odbc32.lib odbccp32.lib /MANIFEST /ManifestFile:"Debug\Laba 1 - 2D.exe.intermediate.manifest" /MANIFESTUAC:"level='asInvoker' uiAccess='false'" /DEBUG /PDB:"F:\КГ\ЯковлеваЕО_Лаба1,Лаба2\Laba1\Source Code OpenGL\Debug\Laba 1 - 2D.pdb" /SUBSYSTEM:CONSOLE /TLBID:1 /DYNAMICBASE /NXCOMPAT /IMPLIB:"F:\КГ\ЯковлеваЕО_Лаба1,Лаба2\Laba1\Source Code OpenGL\Debug\Laba 1 - 2D.lib" /MACHINE:X86 "Debug\Laba 1 - 2D.exe.embed.manifest.res"
         "Debug\Console Glut.obj"
         Debug\stdafx.obj
         Debug\engine.obj
       Manifest:
         C:\Program Files (x86)\Microsoft SDKs\Windows\v7.0A\bin\mt.exe /nologo /verbose /out:"Debug\Laba 1 - 2D.exe.embed.manifest" /manifest "Debug\Laba 1 - 2D.exe.intermediate.manifest"
         Для всех выходных данных обновления не требуется.
       LinkEmbedManifest:
         Для всех выходных данных обновления не требуется.
         Console Glut.vcxproj -> F:\КГ\ЯковлеваЕО_Лаба1,Лаба2\Laba1\Source Code OpenGL\Debug\Laba 1 - 2D.exe
       FinalizeBuildStatus:
         Файл "Debug\Laba 1 - 2D.unsuccessfulbuild" удаляется.
         Обращение к "Debug\Laba 1 - 2D.lastbuildstate".
     1>Построение проекта "F:\КГ\ЯковлеваЕО_Лаба1,Лаба2\Laba1\Source Code OpenGL\Console Glut\Console Glut.vcxproj" завершено (целевые объекты build).

Построение успешно завершено.

Затраченное время: 00:00:01.89
