Построение начато 13.07.2012 23:29:00.
     1>Проект "F:\КГ\ЯковлеваЕО_Laba4\Source Code Laba4\Laba4 - 3D Scene\Laba4 - 3D Scene.vcxproj" в узле 2 (целевые объекты build).
     1>PrepareForBuild:
         Создание каталога "F:\КГ\ЯковлеваЕО_Laba4\Source Code Laba4\Debug\".
       InitializeBuildStatus:
         Создание "Debug\Laba4 - 3D Scene.unsuccessfulbuild", так как было задано "AlwaysCreate".
       ClCompile:
         C:\Program Files (x86)\Microsoft Visual Studio 10.0\VC\bin\CL.exe /c /ZI /nologo /W3 /WX- /Od /Oy- /D WIN32 /D _DEBUG /D _WINDOWS /D _UNICODE /D UNICODE /D _ATL_STATIC_REGISTRY /Gm /EHsc /RTC1 /MDd /GS /fp:precise /Zc:wchar_t /Zc:forScope /Yc"StdAfx.h" /Fp"Debug\Laba4 - 3D Scene.pch" /Fo"Debug\\" /Fd"Debug\vc100.pdb" /Gd /TP /analyze- /errorReport:prompt stdafx.cpp
         stdafx.cpp
         C:\Program Files (x86)\Microsoft Visual Studio 10.0\VC\bin\CL.exe /c /ZI /nologo /W3 /WX- /Od /Oy- /D WIN32 /D _DEBUG /D _WINDOWS /D _UNICODE /D UNICODE /D _ATL_STATIC_REGISTRY /Gm /EHsc /RTC1 /MDd /GS /fp:precise /Zc:wchar_t /Zc:forScope /Yu"StdAfx.h" /Fp"Debug\Laba4 - 3D Scene.pch" /Fo"Debug\\" /Fd"Debug\vc100.pdb" /Gd /TP /analyze- /errorReport:prompt ..\__OpenGL\GraphicObjects.cpp Lab4.cpp "Laba4 - 3D Scene.cpp" MainWindow.cpp Scene.cpp
         Scene.cpp
         MainWindow.cpp
         Laba4 - 3D Scene.cpp
         Lab4.cpp
     1>f:\кг\яковлеваео_laba4\source code laba4\__opengl\texture.h(15): warning C4996: '_wfopen': This function or variable may be unsafe. Consider using _wfopen_s instead. To disable deprecation, use _CRT_SECURE_NO_WARNINGS. See online help for details.
                 c:\program files (x86)\microsoft visual studio 10.0\vc\include\wchar.h(815): см. объявление "_wfopen"
     1>f:\кг\яковлеваео_laba4\source code laba4\laba4 - 3d scene\lab4.cpp(18): warning C4305: инициализация: усечение из "double" к "const float"
     1>f:\кг\яковлеваео_laba4\source code laba4\laba4 - 3d scene\lab4.cpp(19): warning C4305: инициализация: усечение из "double" к "const float"
     1>f:\кг\яковлеваео_laba4\source code laba4\laba4 - 3d scene\lab4.cpp(20): warning C4305: инициализация: усечение из "double" к "const float"
     1>f:\кг\яковлеваео_laba4\source code laba4\laba4 - 3d scene\lab4.cpp(245): warning C4305: аргумент: усечение из "double" к "GLfloat"
     1>f:\кг\яковлеваео_laba4\source code laba4\laba4 - 3d scene\lab4.cpp(245): warning C4305: аргумент: усечение из "double" к "GLfloat"
     1>f:\кг\яковлеваео_laba4\source code laba4\laba4 - 3d scene\lab4.cpp(245): warning C4305: аргумент: усечение из "double" к "GLfloat"
         GraphicObjects.cpp
         Создание кода...
       ManifestResourceCompile:
         C:\Program Files (x86)\Microsoft SDKs\Windows\v7.0A\bin\rc.exe /nologo /fo"Debug\Laba4 - 3D Scene.exe.embed.manifest.res" "Debug\Laba4 - 3D Scene_manifest.rc" 
       Link:
         C:\Program Files (x86)\Microsoft Visual Studio 10.0\VC\bin\link.exe /ERRORREPORT:PROMPT /OUT:"F:\КГ\ЯковлеваЕО_Laba4\Source Code Laba4\Debug\Laba4 - 3D Scene.exe" /INCREMENTAL /NOLOGO kernel32.lib user32.lib gdi32.lib winspool.lib comdlg32.lib advapi32.lib shell32.lib ole32.lib oleaut32.lib uuid.lib odbc32.lib odbccp32.lib /MANIFEST /ManifestFile:"Debug\Laba4 - 3D Scene.exe.intermediate.manifest" /MANIFESTUAC:"level='asInvoker' uiAccess='false'" /DEBUG /PDB:"F:\КГ\ЯковлеваЕО_Laba4\Source Code Laba4\Debug\Laba4 - 3D Scene.pdb" /SUBSYSTEM:WINDOWS /TLBID:1 /DYNAMICBASE /NXCOMPAT /IMPLIB:"F:\КГ\ЯковлеваЕО_Laba4\Source Code Laba4\Debug\Laba4 - 3D Scene.lib" /MACHINE:X86 "Debug\Laba4 - 3D Scene.exe.embed.manifest.res"
         Debug\GraphicObjects.obj
         Debug\Lab4.obj
         "Debug\Laba4 - 3D Scene.obj"
         Debug\MainWindow.obj
         Debug\Scene.obj
         Debug\stdafx.obj
       Manifest:
         C:\Program Files (x86)\Microsoft SDKs\Windows\v7.0A\bin\mt.exe /nologo /verbose /out:"Debug\Laba4 - 3D Scene.exe.embed.manifest" /manifest "Debug\Laba4 - 3D Scene.exe.intermediate.manifest"
         C:\Program Files (x86)\Microsoft SDKs\Windows\v7.0A\bin\rc.exe /nologo /fo"Debug\Laba4 - 3D Scene.exe.embed.manifest.res" "Debug\Laba4 - 3D Scene_manifest.rc" 
       LinkEmbedManifest:
         C:\Program Files (x86)\Microsoft Visual Studio 10.0\VC\bin\link.exe /ERRORREPORT:PROMPT /OUT:"F:\КГ\ЯковлеваЕО_Laba4\Source Code Laba4\Debug\Laba4 - 3D Scene.exe" /INCREMENTAL /NOLOGO kernel32.lib user32.lib gdi32.lib winspool.lib comdlg32.lib advapi32.lib shell32.lib ole32.lib oleaut32.lib uuid.lib odbc32.lib odbccp32.lib /MANIFEST /ManifestFile:"Debug\Laba4 - 3D Scene.exe.intermediate.manifest" /MANIFESTUAC:"level='asInvoker' uiAccess='false'" /DEBUG /PDB:"F:\КГ\ЯковлеваЕО_Laba4\Source Code Laba4\Debug\Laba4 - 3D Scene.pdb" /SUBSYSTEM:WINDOWS /TLBID:1 /DYNAMICBASE /NXCOMPAT /IMPLIB:"F:\КГ\ЯковлеваЕО_Laba4\Source Code Laba4\Debug\Laba4 - 3D Scene.lib" /MACHINE:X86 "Debug\Laba4 - 3D Scene.exe.embed.manifest.res"
         Debug\GraphicObjects.obj
         Debug\Lab4.obj
         "Debug\Laba4 - 3D Scene.obj"
         Debug\MainWindow.obj
         Debug\Scene.obj
         Debug\stdafx.obj
         Laba4 - 3D Scene.vcxproj -> F:\КГ\ЯковлеваЕО_Laba4\Source Code Laba4\Debug\Laba4 - 3D Scene.exe
       FinalizeBuildStatus:
         Файл "Debug\Laba4 - 3D Scene.unsuccessfulbuild" удаляется.
         Обращение к "Debug\Laba4 - 3D Scene.lastbuildstate".
     1>Построение проекта "F:\КГ\ЯковлеваЕО_Laba4\Source Code Laba4\Laba4 - 3D Scene\Laba4 - 3D Scene.vcxproj" завершено (целевые объекты build).

Построение успешно завершено.

Затраченное время: 00:00:12.26
