Построение начато 04.05.2012 22:38:40.
     1>Проект "C:\Users\ASUS\Desktop\Laba3\Source Code Laba4\Laba3 - Lights and Surfaces\Laba3 - Lights and Surfaces.vcxproj" в узле 2 (целевые объекты build).
     1>PrepareForBuild:
         Создание каталога "C:\Users\ASUS\Desktop\Laba3\Source Code Laba4\Debug\".
       InitializeBuildStatus:
         Создание "Debug\Laba3 - Lights and Surfaces.unsuccessfulbuild", так как было задано "AlwaysCreate".
       ClCompile:
         C:\Program Files (x86)\Microsoft Visual Studio 10.0\VC\bin\CL.exe /c /ZI /nologo /W3 /WX- /Od /Oy- /D WIN32 /D _DEBUG /D _WINDOWS /D _UNICODE /D UNICODE /D _ATL_STATIC_REGISTRY /Gm /EHsc /RTC1 /MDd /GS /fp:precise /Zc:wchar_t /Zc:forScope /Yc"StdAfx.h" /Fp"Debug\Laba3 - Lights and Surfaces.pch" /Fo"Debug\\" /Fd"Debug\vc100.pdb" /Gd /TP /analyze- /errorReport:prompt stdafx.cpp
         stdafx.cpp
         C:\Program Files (x86)\Microsoft Visual Studio 10.0\VC\bin\CL.exe /c /ZI /nologo /W3 /WX- /Od /Oy- /D WIN32 /D _DEBUG /D _WINDOWS /D _UNICODE /D UNICODE /D _ATL_STATIC_REGISTRY /Gm /EHsc /RTC1 /MDd /GS /fp:precise /Zc:wchar_t /Zc:forScope /Yu"StdAfx.h" /Fp"Debug\Laba3 - Lights and Surfaces.pch" /Fo"Debug\\" /Fd"Debug\vc100.pdb" /Gd /TP /analyze- /errorReport:prompt ..\__OpenGL\GraphicObjects.cpp "Laba3 - Lights and Surfaces.cpp" MainWindow.cpp Lab3Objects.cpp Scene.cpp
         Scene.cpp
         Lab3Objects.cpp
     1>c:\users\asus\desktop\laba3\source code laba4\__opengl\texture.h(15): warning C4996: '_wfopen': This function or variable may be unsafe. Consider using _wfopen_s instead. To disable deprecation, use _CRT_SECURE_NO_WARNINGS. See online help for details.
                 c:\program files (x86)\microsoft visual studio 10.0\vc\include\wchar.h(815): см. объявление "_wfopen"
     1>c:\users\asus\desktop\laba3\source code laba4\laba3 - lights and surfaces\lab3objects.cpp(158): warning C4305: аргумент: усечение из "double" к "GLfloat"
         MainWindow.cpp
     1>c:\users\asus\desktop\laba3\source code laba4\laba3 - lights and surfaces\resource.h(6): warning C4005: IDC_STATIC: изменение макроопределения
                 c:\program files (x86)\microsoft sdks\windows\v7.0a\include\atlres.h(222): см. предыдущее определение "IDC_STATIC"
         Laba3 - Lights and Surfaces.cpp
     1>c:\users\asus\desktop\laba3\source code laba4\laba3 - lights and surfaces\resource.h(6): warning C4005: IDC_STATIC: изменение макроопределения
                 c:\program files (x86)\microsoft sdks\windows\v7.0a\include\atlres.h(222): см. предыдущее определение "IDC_STATIC"
         GraphicObjects.cpp
         Создание кода...
       ResourceCompile:
         C:\Program Files (x86)\Microsoft SDKs\Windows\v7.0A\bin\rc.exe /D _UNICODE /D UNICODE /l"0x0409" /nologo /fo"Debug\Laba3 - Lights and Surfaces.res" "Laba3 - Lights and Surfaces.rc" 
       ManifestResourceCompile:
         C:\Program Files (x86)\Microsoft SDKs\Windows\v7.0A\bin\rc.exe /nologo /fo"Debug\Laba3 - Lights and Surfaces.exe.embed.manifest.res" "Debug\Laba3 - Lights and Surfaces_manifest.rc" 
       Link:
         C:\Program Files (x86)\Microsoft Visual Studio 10.0\VC\bin\link.exe /ERRORREPORT:PROMPT /OUT:"C:\Users\ASUS\Desktop\Laba3\Source Code Laba4\Debug\Laba3 - Lights and Surfaces.exe" /INCREMENTAL /NOLOGO kernel32.lib user32.lib gdi32.lib winspool.lib comdlg32.lib advapi32.lib shell32.lib ole32.lib oleaut32.lib uuid.lib odbc32.lib odbccp32.lib /MANIFEST /ManifestFile:"Debug\Laba3 - Lights and Surfaces.exe.intermediate.manifest" /MANIFESTUAC:"level='asInvoker' uiAccess='false'" /DEBUG /PDB:"C:\Users\ASUS\Desktop\Laba3\Source Code Laba4\Debug\Laba3 - Lights and Surfaces.pdb" /SUBSYSTEM:WINDOWS /TLBID:1 /DYNAMICBASE /NXCOMPAT /IMPLIB:"C:\Users\ASUS\Desktop\Laba3\Source Code Laba4\Debug\Laba3 - Lights and Surfaces.lib" /MACHINE:X86 "Debug\Laba3 - Lights and Surfaces.res"
         "Debug\Laba3 - Lights and Surfaces.exe.embed.manifest.res"
         Debug\GraphicObjects.obj
         "Debug\Laba3 - Lights and Surfaces.obj"
         Debug\MainWindow.obj
         Debug\Lab3Objects.obj
         Debug\Scene.obj
         Debug\stdafx.obj
       Manifest:
         C:\Program Files (x86)\Microsoft SDKs\Windows\v7.0A\bin\mt.exe /nologo /verbose /out:"Debug\Laba3 - Lights and Surfaces.exe.embed.manifest" /manifest "Debug\Laba3 - Lights and Surfaces.exe.intermediate.manifest"
         C:\Program Files (x86)\Microsoft SDKs\Windows\v7.0A\bin\rc.exe /nologo /fo"Debug\Laba3 - Lights and Surfaces.exe.embed.manifest.res" "Debug\Laba3 - Lights and Surfaces_manifest.rc" 
       LinkEmbedManifest:
         C:\Program Files (x86)\Microsoft Visual Studio 10.0\VC\bin\link.exe /ERRORREPORT:PROMPT /OUT:"C:\Users\ASUS\Desktop\Laba3\Source Code Laba4\Debug\Laba3 - Lights and Surfaces.exe" /INCREMENTAL /NOLOGO kernel32.lib user32.lib gdi32.lib winspool.lib comdlg32.lib advapi32.lib shell32.lib ole32.lib oleaut32.lib uuid.lib odbc32.lib odbccp32.lib /MANIFEST /ManifestFile:"Debug\Laba3 - Lights and Surfaces.exe.intermediate.manifest" /MANIFESTUAC:"level='asInvoker' uiAccess='false'" /DEBUG /PDB:"C:\Users\ASUS\Desktop\Laba3\Source Code Laba4\Debug\Laba3 - Lights and Surfaces.pdb" /SUBSYSTEM:WINDOWS /TLBID:1 /DYNAMICBASE /NXCOMPAT /IMPLIB:"C:\Users\ASUS\Desktop\Laba3\Source Code Laba4\Debug\Laba3 - Lights and Surfaces.lib" /MACHINE:X86 "Debug\Laba3 - Lights and Surfaces.res"
         "Debug\Laba3 - Lights and Surfaces.exe.embed.manifest.res"
         Debug\GraphicObjects.obj
         "Debug\Laba3 - Lights and Surfaces.obj"
         Debug\MainWindow.obj
         Debug\Lab3Objects.obj
         Debug\Scene.obj
         Debug\stdafx.obj
         Laba3 - Lights and Surfaces.vcxproj -> C:\Users\ASUS\Desktop\Laba3\Source Code Laba4\Debug\Laba3 - Lights and Surfaces.exe
       FinalizeBuildStatus:
         Файл "Debug\Laba3 - Lights and Surfaces.unsuccessfulbuild" удаляется.
         Обращение к "Debug\Laba3 - Lights and Surfaces.lastbuildstate".
     1>Построение проекта "C:\Users\ASUS\Desktop\Laba3\Source Code Laba4\Laba3 - Lights and Surfaces\Laba3 - Lights and Surfaces.vcxproj" завершено (целевые объекты build).

Построение успешно завершено.

Затраченное время: 00:00:06.75
